0 info it worked if it ends with ok
1 verbose cli [ '/usr/local/bin/node',
1 verbose cli   '/Users/andrewkemp/Desktop/final1/testpackbin/node_modules/.bin/npm',
1 verbose cli   'run',
1 verbose cli   'client' ]
2 info using npm@3.8.6
3 info using node@v5.5.0
4 verbose run-script [ 'preclient', 'client', 'postclient' ]
5 info lifecycle testpackbin@0.0.1~preclient: testpackbin@0.0.1
6 silly lifecycle testpackbin@0.0.1~preclient: no script for preclient, continuing
7 info lifecycle testpackbin@0.0.1~client: testpackbin@0.0.1
8 verbose lifecycle testpackbin@0.0.1~client: unsafe-perm in lifecycle true
9 verbose lifecycle testpackbin@0.0.1~client: PATH: /Users/andrewkemp/Desktop/final1/testpackbin/node_modules/npm/bin/node-gyp-bin:/Users/andrewkemp/Desktop/final1/testpackbin/node_modules/.bin:/usr/local/bin:/usr/local/lib/node_modules/npm/bin/node-gyp-bin:/Users/andrewkemp/Desktop/final1/testpackbin/node_modules/.bin:/usr/local/bin:/usr/bin:/bin:/usr/sbin:/sbin
10 verbose lifecycle testpackbin@0.0.1~client: CWD: /Users/andrewkemp/Desktop/final1/testpackbin
11 silly lifecycle testpackbin@0.0.1~client: Args: [ '-c',
11 silly lifecycle   'cross-env kotatsu serve app/main.jsx --port 3000 --index index.html --config webpack.config.js --devtool eval-source-map --proxy /api http://localhost:3999/api' ]
12 silly lifecycle testpackbin@0.0.1~client: Returned: code: 1  signal: null
13 info lifecycle testpackbin@0.0.1~client: Failed to exec client script
14 verbose stack Error: testpackbin@0.0.1 client: `cross-env kotatsu serve app/main.jsx --port 3000 --index index.html --config webpack.config.js --devtool eval-source-map --proxy /api http://localhost:3999/api`
14 verbose stack Exit status 1
14 verbose stack     at EventEmitter.<anonymous> (/Users/andrewkemp/Desktop/final1/testpackbin/node_modules/npm/lib/utils/lifecycle.js:239:16)
14 verbose stack     at emitTwo (events.js:100:13)
14 verbose stack     at EventEmitter.emit (events.js:185:7)
14 verbose stack     at ChildProcess.<anonymous> (/Users/andrewkemp/Desktop/final1/testpackbin/node_modules/npm/lib/utils/spawn.js:24:14)
14 verbose stack     at emitTwo (events.js:100:13)
14 verbose stack     at ChildProcess.emit (events.js:185:7)
14 verbose stack     at maybeClose (internal/child_process.js:821:16)
14 verbose stack     at Process.ChildProcess._handle.onexit (internal/child_process.js:211:5)
15 verbose pkgid testpackbin@0.0.1
16 verbose cwd /Users/andrewkemp/Desktop/final1/testpackbin
17 error Darwin 14.5.0
18 error argv "/usr/local/bin/node" "/Users/andrewkemp/Desktop/final1/testpackbin/node_modules/.bin/npm" "run" "client"
19 error node v5.5.0
20 error npm  v3.8.6
21 error code ELIFECYCLE
22 error testpackbin@0.0.1 client: `cross-env kotatsu serve app/main.jsx --port 3000 --index index.html --config webpack.config.js --devtool eval-source-map --proxy /api http://localhost:3999/api`
22 error Exit status 1
23 error Failed at the testpackbin@0.0.1 client script 'cross-env kotatsu serve app/main.jsx --port 3000 --index index.html --config webpack.config.js --devtool eval-source-map --proxy /api http://localhost:3999/api'.
23 error Make sure you have the latest version of node.js and npm installed.
23 error If you do, this is most likely a problem with the testpackbin package,
23 error not with npm itself.
23 error Tell the author that this fails on your system:
23 error     cross-env kotatsu serve app/main.jsx --port 3000 --index index.html --config webpack.config.js --devtool eval-source-map --proxy /api http://localhost:3999/api
23 error You can get information on how to open an issue for this project with:
23 error     npm bugs testpackbin
23 error Or if that isn't available, you can get their info via:
23 error     npm owner ls testpackbin
23 error There is likely additional logging output above.
24 verbose exit [ 1, true ]
